<?xml version="1.0" encoding="UTF-8"?>
<coverage generated="1692204579357" clover="3.2.0">
  <project timestamp="1692204579358" name="All files">
    <metrics statements="69" coveredstatements="43" conditionals="20" coveredconditionals="11" methods="14" coveredmethods="10" elements="103" coveredelements="64" complexity="0" loc="69" ncloc="69" packages="1" files="3" classes="3"/>
    <file name="ReviewList.jsx" path="/Users/paulayang/FEC/client/src/components/rr/ReviewList.jsx">
      <metrics statements="36" coveredstatements="12" conditionals="8" coveredconditionals="2" methods="8" coveredmethods="4"/>
      <line num="9" count="1" type="stmt"/>
      <line num="17" count="1" type="stmt"/>
      <line num="21" count="1" type="stmt"/>
      <line num="22" count="1" type="stmt"/>
      <line num="31" count="1" type="stmt"/>
      <line num="32" count="2" type="stmt"/>
      <line num="33" count="1" type="stmt"/>
      <line num="35" count="1" type="stmt"/>
      <line num="36" count="1" type="stmt"/>
      <line num="39" count="1" type="stmt"/>
      <line num="40" count="0" type="stmt"/>
      <line num="41" count="0" type="stmt"/>
      <line num="43" count="0" type="stmt"/>
      <line num="45" count="0" type="cond" truecount="0" falsecount="2"/>
      <line num="46" count="0" type="stmt"/>
      <line num="47" count="0" type="stmt"/>
      <line num="48" count="0" type="stmt"/>
      <line num="49" count="0" type="stmt"/>
      <line num="53" count="0" type="cond" truecount="0" falsecount="2"/>
      <line num="54" count="0" type="stmt"/>
      <line num="55" count="0" type="stmt"/>
      <line num="56" count="0" type="stmt"/>
      <line num="57" count="0" type="stmt"/>
      <line num="61" count="0" type="cond" truecount="0" falsecount="2"/>
      <line num="62" count="0" type="stmt"/>
      <line num="63" count="0" type="stmt"/>
      <line num="64" count="0" type="stmt"/>
      <line num="65" count="0" type="stmt"/>
      <line num="66" count="0" type="stmt"/>
      <line num="70" count="0" type="stmt"/>
      <line num="71" count="0" type="stmt"/>
      <line num="72" count="0" type="stmt"/>
      <line num="79" count="0" type="stmt"/>
      <line num="81" count="0" type="stmt"/>
      <line num="84" count="1" type="stmt"/>
      <line num="88" count="2" type="stmt"/>
    </file>
    <file name="ReviewTile.jsx" path="/Users/paulayang/FEC/client/src/components/rr/ReviewTile.jsx">
      <metrics statements="32" coveredstatements="30" conditionals="12" coveredconditionals="9" methods="6" coveredmethods="6"/>
      <line num="6" count="1" type="stmt"/>
      <line num="13" count="1" type="stmt"/>
      <line num="18" count="1" type="stmt"/>
      <line num="19" count="10" type="cond" truecount="2" falsecount="0"/>
      <line num="22" count="1" type="stmt"/>
      <line num="26" count="1" type="stmt"/>
      <line num="43" count="1" type="stmt"/>
      <line num="44" count="2" type="stmt"/>
      <line num="45" count="2" type="stmt"/>
      <line num="51" count="2" type="stmt"/>
      <line num="53" count="10" type="stmt"/>
      <line num="55" count="10" type="cond" truecount="2" falsecount="0"/>
      <line num="56" count="5" type="stmt"/>
      <line num="57" count="5" type="cond" truecount="2" falsecount="0"/>
      <line num="58" count="2" type="cond" truecount="1" falsecount="1"/>
      <line num="59" count="0" type="stmt"/>
      <line num="60" count="2" type="cond" truecount="1" falsecount="1"/>
      <line num="61" count="0" type="stmt"/>
      <line num="63" count="2" type="stmt"/>
      <line num="66" count="3" type="stmt"/>
      <line num="72" count="10" type="stmt"/>
      <line num="75" count="1" type="stmt"/>
      <line num="79" count="1" type="stmt"/>
      <line num="83" count="1" type="stmt"/>
      <line num="87" count="1" type="stmt"/>
      <line num="91" count="1" type="stmt"/>
      <line num="95" count="1" type="stmt"/>
      <line num="99" count="1" type="stmt"/>
      <line num="107" count="1" type="stmt"/>
      <line num="117" count="2" type="stmt"/>
      <line num="119" count="2" type="stmt"/>
      <line num="129" count="3" type="stmt"/>
    </file>
    <file name="exampleDataList.js" path="/Users/paulayang/FEC/client/src/components/rr/exampleDataList.js">
      <metrics statements="1" coveredstatements="1" conditionals="0" coveredconditionals="0" methods="0" coveredmethods="0"/>
      <line num="1" count="1" type="stmt"/>
    </file>
  </project>
</coverage>
