<?xml version="1.0" encoding="UTF-8"?>
<coverage generated="1692164588819" clover="3.2.0">
  <project timestamp="1692164588819" name="All files">
    <metrics statements="30" coveredstatements="17" conditionals="2" coveredconditionals="1" methods="9" coveredmethods="2" elements="41" coveredelements="20" complexity="0" loc="30" ncloc="30" packages="1" files="3" classes="3"/>
    <file name="BigImage.jsx" path="/home/waterlinx/hackreactor/RFP2307/FEC/client/src/components/Overview/BigImage.jsx">
      <metrics statements="12" coveredstatements="2" conditionals="0" coveredconditionals="0" methods="6" coveredmethods="0"/>
      <line num="7" count="1" type="stmt"/>
      <line num="16" count="1" type="stmt"/>
      <line num="18" count="0" type="stmt"/>
      <line num="19" count="0" type="stmt"/>
      <line num="20" count="0" type="stmt"/>
      <line num="21" count="0" type="stmt"/>
      <line num="26" count="0" type="stmt"/>
      <line num="27" count="0" type="stmt"/>
      <line num="28" count="0" type="stmt"/>
      <line num="34" count="0" type="stmt"/>
      <line num="35" count="0" type="stmt"/>
      <line num="39" count="0" type="stmt"/>
    </file>
    <file name="ImageGallery.jsx" path="/home/waterlinx/hackreactor/RFP2307/FEC/client/src/components/Overview/ImageGallery.jsx">
      <metrics statements="9" coveredstatements="6" conditionals="2" coveredconditionals="1" methods="2" coveredmethods="1"/>
      <line num="6" count="1" type="stmt"/>
      <line num="15" count="1" type="stmt"/>
      <line num="16" count="2" type="stmt"/>
      <line num="17" count="2" type="stmt"/>
      <line num="18" count="2" type="cond" truecount="1" falsecount="1"/>
      <line num="19" count="0" type="stmt"/>
      <line num="21" count="2" type="stmt"/>
      <line num="22" count="0" type="stmt"/>
      <line num="23" count="0" type="stmt"/>
    </file>
    <file name="Overview.jsx" path="/home/waterlinx/hackreactor/RFP2307/FEC/client/src/components/Overview/Overview.jsx">
      <metrics statements="9" coveredstatements="9" conditionals="0" coveredconditionals="0" methods="1" coveredmethods="1"/>
      <line num="7" count="1" type="stmt"/>
      <line num="8" count="1" type="stmt"/>
      <line num="20" count="1" type="stmt"/>
      <line num="30" count="1" type="stmt"/>
      <line num="34" count="1" type="stmt"/>
      <line num="39" count="1" type="stmt"/>
      <line num="40" count="3" type="stmt"/>
      <line num="41" count="2" type="stmt"/>
      <line num="42" count="2" type="stmt"/>
    </file>
  </project>
</coverage>
