{"/home/frankasoto/hackreactor/front_end_capstone/FEC/client/src/components/qa/Answer.jsx": {"path":"/home/frankasoto/hackreactor/front_end_capstone/FEC/client/src/components/qa/Answer.jsx","statementMap":{"0":{"start":{"line":5,"column":21},"end":{"line":9,"column":1}},"1":{"start":{"line":13,"column":15},"end":{"line":37,"column":1}},"2":{"start":{"line":15,"column":15},"end":{"line":15,"column":37}},"3":{"start":{"line":16,"column":16},"end":{"line":16,"column":38}},"4":{"start":{"line":17,"column":14},"end":{"line":17,"column":37}},"5":{"start":{"line":19,"column":20},"end":{"line":19,"column":46}},"6":{"start":{"line":21,"column":24},"end":{"line":21,"column":56}},"7":{"start":{"line":24,"column":2},"end":{"line":36,"column":3}}},"fnMap":{"0":{"name":"(anonymous_0)","decl":{"start":{"line":13,"column":15},"end":{"line":13,"column":16}},"loc":{"start":{"line":13,"column":28},"end":{"line":37,"column":1}},"line":13}},"branchMap":{},"s":{"0":1,"1":1,"2":103,"3":103,"4":103,"5":103,"6":103,"7":103},"f":{"0":103},"b":{},"_coverageSchema":"1a1c01bbd47fc00a2c39e90264f33305004495a9","hash":"1796acd32b2411a5e2a817e4bb68470d1709ee3c"}
,"/home/frankasoto/hackreactor/front_end_capstone/FEC/client/src/components/qa/QuestionEntry.jsx": {"path":"/home/frankasoto/hackreactor/front_end_capstone/FEC/client/src/components/qa/QuestionEntry.jsx","statementMap":{"0":{"start":{"line":5,"column":15},"end":{"line":13,"column":1}},"1":{"start":{"line":14,"column":17},"end":{"line":16,"column":21}},"2":{"start":{"line":19,"column":21},"end":{"line":23,"column":18}},"3":{"start":{"line":26,"column":15},"end":{"line":29,"column":27}},"4":{"start":{"line":42,"column":22},"end":{"line":111,"column":1}},"5":{"start":{"line":44,"column":36},"end":{"line":44,"column":75}},"6":{"start":{"line":46,"column":48},"end":{"line":46,"column":60}},"7":{"start":{"line":48,"column":46},"end":{"line":48,"column":57}},"8":{"start":{"line":52,"column":16},"end":{"line":52,"column":48}},"9":{"start":{"line":56,"column":29},"end":{"line":58,"column":3}},"10":{"start":{"line":57,"column":4},"end":{"line":57,"column":47}},"11":{"start":{"line":62,"column":2},"end":{"line":62,"column":35}},"12":{"start":{"line":66,"column":2},"end":{"line":68,"column":22}},"13":{"start":{"line":67,"column":4},"end":{"line":67,"column":57}},"14":{"start":{"line":72,"column":23},"end":{"line":76,"column":3}},"15":{"start":{"line":73,"column":4},"end":{"line":73,"column":23}},"16":{"start":{"line":74,"column":4},"end":{"line":74,"column":42}},"17":{"start":{"line":75,"column":4},"end":{"line":75,"column":53}},"18":{"start":{"line":79,"column":24},"end":{"line":87,"column":3}},"19":{"start":{"line":80,"column":4},"end":{"line":86,"column":5}},"20":{"start":{"line":81,"column":6},"end":{"line":83,"column":9}},"21":{"start":{"line":85,"column":8},"end":{"line":85,"column":19}},"22":{"start":{"line":90,"column":2},"end":{"line":110,"column":3}},"23":{"start":{"line":97,"column":12},"end":{"line":97,"column":63}}},"fnMap":{"0":{"name":"(anonymous_0)","decl":{"start":{"line":42,"column":22},"end":{"line":42,"column":23}},"loc":{"start":{"line":42,"column":38},"end":{"line":111,"column":1}},"line":42},"1":{"name":"(anonymous_1)","decl":{"start":{"line":56,"column":29},"end":{"line":56,"column":30}},"loc":{"start":{"line":56,"column":39},"end":{"line":58,"column":3}},"line":56},"2":{"name":"(anonymous_2)","decl":{"start":{"line":66,"column":12},"end":{"line":66,"column":13}},"loc":{"start":{"line":66,"column":18},"end":{"line":68,"column":3}},"line":66},"3":{"name":"(anonymous_3)","decl":{"start":{"line":72,"column":23},"end":{"line":72,"column":24}},"loc":{"start":{"line":72,"column":30},"end":{"line":76,"column":3}},"line":72},"4":{"name":"(anonymous_4)","decl":{"start":{"line":79,"column":24},"end":{"line":79,"column":25}},"loc":{"start":{"line":79,"column":30},"end":{"line":87,"column":3}},"line":79},"5":{"name":"(anonymous_5)","decl":{"start":{"line":96,"column":30},"end":{"line":96,"column":31}},"loc":{"start":{"line":97,"column":12},"end":{"line":97,"column":63}},"line":97}},"branchMap":{"0":{"loc":{"start":{"line":80,"column":4},"end":{"line":86,"column":5}},"type":"if","locations":[{"start":{"line":80,"column":4},"end":{"line":86,"column":5}},{"start":{"line":84,"column":13},"end":{"line":86,"column":5}}],"line":80}},"s":{"0":1,"1":1,"2":1,"3":1,"4":1,"5":78,"6":78,"7":78,"8":78,"9":78,"10":480,"11":78,"12":78,"13":25,"14":78,"15":1,"16":1,"17":1,"18":78,"19":78,"20":68,"21":10,"22":78,"23":103},"f":{"0":78,"1":480,"2":25,"3":1,"4":78,"5":103},"b":{"0":[68,10]},"_coverageSchema":"1a1c01bbd47fc00a2c39e90264f33305004495a9","hash":"cc056d522ffe5e342b16961fbc8200c3104306ad"}
,"/home/frankasoto/hackreactor/front_end_capstone/FEC/client/src/components/qa/QuestionList.jsx": {"path":"/home/frankasoto/hackreactor/front_end_capstone/FEC/client/src/components/qa/QuestionList.jsx","statementMap":{"0":{"start":{"line":7,"column":21},"end":{"line":48,"column":1}},"1":{"start":{"line":9,"column":48},"end":{"line":9,"column":93}},"2":{"start":{"line":11,"column":34},"end":{"line":11,"column":45}},"3":{"start":{"line":13,"column":52},"end":{"line":13,"column":64}},"4":{"start":{"line":16,"column":2},"end":{"line":18,"column":16}},"5":{"start":{"line":17,"column":4},"end":{"line":17,"column":61}},"6":{"start":{"line":21,"column":24},"end":{"line":30,"column":3}},"7":{"start":{"line":23,"column":4},"end":{"line":29,"column":5}},"8":{"start":{"line":24,"column":6},"end":{"line":26,"column":7}},"9":{"start":{"line":28,"column":6},"end":{"line":28,"column":24}},"10":{"start":{"line":32,"column":23},"end":{"line":35,"column":3}},"11":{"start":{"line":33,"column":4},"end":{"line":33,"column":23}},"12":{"start":{"line":34,"column":4},"end":{"line":34,"column":30}},"13":{"start":{"line":36,"column":2},"end":{"line":46,"column":3}},"14":{"start":{"line":39,"column":8},"end":{"line":39,"column":65}}},"fnMap":{"0":{"name":"(anonymous_0)","decl":{"start":{"line":7,"column":21},"end":{"line":7,"column":22}},"loc":{"start":{"line":7,"column":38},"end":{"line":48,"column":1}},"line":7},"1":{"name":"(anonymous_1)","decl":{"start":{"line":16,"column":12},"end":{"line":16,"column":13}},"loc":{"start":{"line":16,"column":18},"end":{"line":18,"column":3}},"line":16},"2":{"name":"(anonymous_2)","decl":{"start":{"line":21,"column":24},"end":{"line":21,"column":25}},"loc":{"start":{"line":21,"column":31},"end":{"line":30,"column":3}},"line":21},"3":{"name":"(anonymous_3)","decl":{"start":{"line":32,"column":23},"end":{"line":32,"column":24}},"loc":{"start":{"line":32,"column":30},"end":{"line":35,"column":3}},"line":32},"4":{"name":"(anonymous_4)","decl":{"start":{"line":38,"column":29},"end":{"line":38,"column":30}},"loc":{"start":{"line":39,"column":8},"end":{"line":39,"column":65}},"line":39}},"branchMap":{"0":{"loc":{"start":{"line":23,"column":4},"end":{"line":29,"column":5}},"type":"if","locations":[{"start":{"line":23,"column":4},"end":{"line":29,"column":5}},{"start":{"line":27,"column":11},"end":{"line":29,"column":5}}],"line":23}},"s":{"0":1,"1":26,"2":26,"3":26,"4":26,"5":13,"6":26,"7":26,"8":22,"9":4,"10":26,"11":5,"12":5,"13":26,"14":52},"f":{"0":26,"1":13,"2":26,"3":5,"4":52},"b":{"0":[22,4]},"_coverageSchema":"1a1c01bbd47fc00a2c39e90264f33305004495a9","hash":"30f78eb04a323e8b5c744c4bf29a4531cf3454db"}
,"/home/frankasoto/hackreactor/front_end_capstone/FEC/client/src/components/qa/exampleData.js": {"path":"/home/frankasoto/hackreactor/front_end_capstone/FEC/client/src/components/qa/exampleData.js","statementMap":{"0":{"start":{"line":2,"column":20},"end":{"line":254,"column":1}}},"fnMap":{},"branchMap":{},"s":{"0":1},"f":{},"b":{},"_coverageSchema":"1a1c01bbd47fc00a2c39e90264f33305004495a9","hash":"d989afe2e057eb62c1ec0d94663b20a6e1e9bd3e"}
}
