{"/home/waterlinx/hackreactor/RFP2307/FEC/client/src/components/Overview/BigImage.jsx": {"path":"/home/waterlinx/hackreactor/RFP2307/FEC/client/src/components/Overview/BigImage.jsx","statementMap":{"0":{"start":{"line":7,"column":23},"end":{"line":14,"column":1}},"1":{"start":{"line":16,"column":17},"end":{"line":40,"column":1}},"2":{"start":{"line":18,"column":46},"end":{"line":18,"column":74}},"3":{"start":{"line":19,"column":2},"end":{"line":33,"column":9}},"4":{"start":{"line":20,"column":34},"end":{"line":25,"column":5}},"5":{"start":{"line":21,"column":6},"end":{"line":24,"column":9}},"6":{"start":{"line":26,"column":4},"end":{"line":26,"column":64}},"7":{"start":{"line":27,"column":4},"end":{"line":32,"column":6}},"8":{"start":{"line":28,"column":6},"end":{"line":31,"column":8}},"9":{"start":{"line":34,"column":2},"end":{"line":39,"column":55}},"10":{"start":{"line":35,"column":21},"end":{"line":35,"column":43}},"11":{"start":{"line":39,"column":27},"end":{"line":39,"column":49}}},"fnMap":{"0":{"name":"(anonymous_0)","decl":{"start":{"line":16,"column":17},"end":{"line":16,"column":18}},"loc":{"start":{"line":16,"column":78},"end":{"line":40,"column":1}},"line":16},"1":{"name":"(anonymous_1)","decl":{"start":{"line":19,"column":18},"end":{"line":19,"column":19}},"loc":{"start":{"line":19,"column":24},"end":{"line":33,"column":3}},"line":19},"2":{"name":"(anonymous_2)","decl":{"start":{"line":20,"column":34},"end":{"line":20,"column":35}},"loc":{"start":{"line":20,"column":41},"end":{"line":25,"column":5}},"line":20},"3":{"name":"(anonymous_3)","decl":{"start":{"line":27,"column":11},"end":{"line":27,"column":12}},"loc":{"start":{"line":27,"column":17},"end":{"line":32,"column":5}},"line":27},"4":{"name":"(anonymous_4)","decl":{"start":{"line":35,"column":13},"end":{"line":35,"column":14}},"loc":{"start":{"line":35,"column":20},"end":{"line":35,"column":44}},"line":35},"5":{"name":"(anonymous_5)","decl":{"start":{"line":39,"column":19},"end":{"line":39,"column":20}},"loc":{"start":{"line":39,"column":26},"end":{"line":39,"column":50}},"line":39}},"branchMap":{},"s":{"0":1,"1":1,"2":0,"3":0,"4":0,"5":0,"6":0,"7":0,"8":0,"9":0,"10":0,"11":0},"f":{"0":0,"1":0,"2":0,"3":0,"4":0,"5":0},"b":{},"_coverageSchema":"1a1c01bbd47fc00a2c39e90264f33305004495a9","hash":"91e738cfdb18f15fe36b5c4c3a5444014ee6c336"}
,"/home/waterlinx/hackreactor/RFP2307/FEC/client/src/components/Overview/ImageGallery.jsx": {"path":"/home/waterlinx/hackreactor/RFP2307/FEC/client/src/components/Overview/ImageGallery.jsx","statementMap":{"0":{"start":{"line":6,"column":18},"end":{"line":13,"column":1}},"1":{"start":{"line":15,"column":21},"end":{"line":25,"column":1}},"2":{"start":{"line":16,"column":42},"end":{"line":16,"column":63}},"3":{"start":{"line":17,"column":30},"end":{"line":17,"column":58}},"4":{"start":{"line":18,"column":2},"end":{"line":20,"column":3}},"5":{"start":{"line":19,"column":4},"end":{"line":19,"column":202}},"6":{"start":{"line":21,"column":2},"end":{"line":24,"column":1}},"7":{"start":{"line":22,"column":57},"end":{"line":22,"column":85}},"8":{"start":{"line":23,"column":2},"end":{"line":23,"column":23}}},"fnMap":{"0":{"name":"(anonymous_0)","decl":{"start":{"line":15,"column":21},"end":{"line":15,"column":22}},"loc":{"start":{"line":15,"column":48},"end":{"line":25,"column":1}},"line":15},"1":{"name":"(anonymous_1)","decl":{"start":{"line":22,"column":49},"end":{"line":22,"column":50}},"loc":{"start":{"line":22,"column":56},"end":{"line":23,"column":24}},"line":22}},"branchMap":{"0":{"loc":{"start":{"line":18,"column":2},"end":{"line":20,"column":3}},"type":"if","locations":[{"start":{"line":18,"column":2},"end":{"line":20,"column":3}},{"start":{},"end":{}}],"line":18}},"s":{"0":1,"1":1,"2":2,"3":2,"4":2,"5":0,"6":2,"7":0,"8":0},"f":{"0":2,"1":0},"b":{"0":[0,2]},"_coverageSchema":"1a1c01bbd47fc00a2c39e90264f33305004495a9","hash":"57a0b919ae6eaeab3e4e23a7b84450e67609d8f8"}
,"/home/waterlinx/hackreactor/RFP2307/FEC/client/src/components/Overview/Overview.jsx": {"path":"/home/waterlinx/hackreactor/RFP2307/FEC/client/src/components/Overview/Overview.jsx","statementMap":{"0":{"start":{"line":7,"column":13},"end":{"line":7,"column":36}},"1":{"start":{"line":8,"column":18},"end":{"line":19,"column":1}},"2":{"start":{"line":20,"column":16},"end":{"line":29,"column":1}},"3":{"start":{"line":30,"column":12},"end":{"line":33,"column":1}},"4":{"start":{"line":34,"column":14},"end":{"line":37,"column":1}},"5":{"start":{"line":39,"column":17},"end":{"line":50,"column":1}},"6":{"start":{"line":40,"column":30},"end":{"line":40,"column":58}},"7":{"start":{"line":41,"column":52},"end":{"line":41,"column":69}},"8":{"start":{"line":42,"column":2},"end":{"line":49,"column":3}}},"fnMap":{"0":{"name":"(anonymous_0)","decl":{"start":{"line":39,"column":17},"end":{"line":39,"column":18}},"loc":{"start":{"line":39,"column":23},"end":{"line":50,"column":1}},"line":39}},"branchMap":{},"s":{"0":1,"1":1,"2":1,"3":1,"4":1,"5":1,"6":3,"7":2,"8":2},"f":{"0":3},"b":{},"_coverageSchema":"1a1c01bbd47fc00a2c39e90264f33305004495a9","hash":"3382e1d42325229f6964619e5e59366c35578d82"}
}
