TN:
SF:client/src/components/qa/Answer.jsx
FN:13,(anonymous_0)
FNF:1
FNH:1
FNDA:103,(anonymous_0)
DA:5,1
DA:13,1
DA:15,103
DA:16,103
DA:17,103
DA:19,103
DA:21,103
DA:24,103
LF:8
LH:8
BRF:0
BRH:0
end_of_record
TN:
SF:client/src/components/qa/QuestionEntry.jsx
FN:42,(anonymous_0)
FN:56,(anonymous_1)
FN:66,(anonymous_2)
FN:72,(anonymous_3)
FN:79,(anonymous_4)
FN:96,(anonymous_5)
FNF:6
FNH:6
FNDA:78,(anonymous_0)
FNDA:480,(anonymous_1)
FNDA:25,(anonymous_2)
FNDA:1,(anonymous_3)
FNDA:78,(anonymous_4)
FNDA:103,(anonymous_5)
DA:5,1
DA:14,1
DA:19,1
DA:26,1
DA:42,1
DA:44,78
DA:46,78
DA:48,78
DA:52,78
DA:56,78
DA:57,480
DA:62,78
DA:66,78
DA:67,25
DA:72,78
DA:73,1
DA:74,1
DA:75,1
DA:79,78
DA:80,78
DA:81,68
DA:85,10
DA:90,78
DA:97,103
LF:24
LH:24
BRDA:80,0,0,68
BRDA:80,0,1,10
BRF:2
BRH:2
end_of_record
TN:
SF:client/src/components/qa/QuestionList.jsx
FN:7,(anonymous_0)
FN:16,(anonymous_1)
FN:21,(anonymous_2)
FN:32,(anonymous_3)
FN:38,(anonymous_4)
FNF:5
FNH:5
FNDA:26,(anonymous_0)
FNDA:13,(anonymous_1)
FNDA:26,(anonymous_2)
FNDA:5,(anonymous_3)
FNDA:52,(anonymous_4)
DA:7,1
DA:9,26
DA:11,26
DA:13,26
DA:16,26
DA:17,13
DA:21,26
DA:23,26
DA:24,22
DA:28,4
DA:32,26
DA:33,5
DA:34,5
DA:36,26
DA:39,52
LF:15
LH:15
BRDA:23,0,0,22
BRDA:23,0,1,4
BRF:2
BRH:2
end_of_record
TN:
SF:client/src/components/qa/exampleData.js
FNF:0
FNH:0
DA:2,1
LF:1
LH:1
BRF:0
BRH:0
end_of_record
