TN:
SF:client/src/components/Overview/BigImage.jsx
FN:16,(anonymous_0)
FN:19,(anonymous_1)
FN:20,(anonymous_2)
FN:27,(anonymous_3)
FN:35,(anonymous_4)
FN:39,(anonymous_5)
FNF:6
FNH:0
FNDA:0,(anonymous_0)
FNDA:0,(anonymous_1)
FNDA:0,(anonymous_2)
FNDA:0,(anonymous_3)
FNDA:0,(anonymous_4)
FNDA:0,(anonymous_5)
DA:7,1
DA:16,1
DA:18,0
DA:19,0
DA:20,0
DA:21,0
DA:26,0
DA:27,0
DA:28,0
DA:34,0
DA:35,0
DA:39,0
LF:12
LH:2
BRF:0
BRH:0
end_of_record
TN:
SF:client/src/components/Overview/ImageGallery.jsx
FN:15,(anonymous_0)
FN:22,(anonymous_1)
FNF:2
FNH:1
FNDA:2,(anonymous_0)
FNDA:0,(anonymous_1)
DA:6,1
DA:15,1
DA:16,2
DA:17,2
DA:18,2
DA:19,0
DA:21,2
DA:22,0
DA:23,0
LF:9
LH:6
BRDA:18,0,0,0
BRDA:18,0,1,2
BRF:2
BRH:1
end_of_record
TN:
SF:client/src/components/Overview/Overview.jsx
FN:39,(anonymous_0)
FNF:1
FNH:1
FNDA:3,(anonymous_0)
DA:7,1
DA:8,1
DA:20,1
DA:30,1
DA:34,1
DA:39,1
DA:40,3
DA:41,2
DA:42,2
LF:9
LH:9
BRF:0
BRH:0
end_of_record
